g:\onboard-sdk-3.1_20161122\sample\pureqt\onboardsdk\x64\debug\vc120.pdb
g:\onboard-sdk-3.1_20161122\sample\pureqt\onboardsdk\x64\debug\powerlinepatrol.obj
g:\onboard-sdk-3.1_20161122\sample\pureqt\onboardsdk\x64\debug\main.obj
g:\onboard-sdk-3.1_20161122\sample\pureqt\onboardsdk\x64\debug\djionboardsdk.obj
g:\onboard-sdk-3.1_20161122\sample\pureqt\onboardsdk\x64\debug\qonboardsdk.obj
g:\onboard-sdk-3.1_20161122\sample\pureqt\onboardsdk\x64\debug\moc_qonboardsdk.obj
g:\onboard-sdk-3.1_20161122\sample\pureqt\onboardsdk\x64\debug\moc_djionboardsdk.obj
g:\onboard-sdk-3.1_20161122\sample\pureqt\onboardsdk\x64\debug\dji_waypoint.obj
g:\onboard-sdk-3.1_20161122\sample\pureqt\onboardsdk\x64\debug\dji_virtualrc.obj
g:\onboard-sdk-3.1_20161122\sample\pureqt\onboardsdk\x64\debug\dji_mission.obj
g:\onboard-sdk-3.1_20161122\sample\pureqt\onboardsdk\x64\debug\dji_memory.obj
g:\onboard-sdk-3.1_20161122\sample\pureqt\onboardsdk\x64\debug\dji_link.obj
g:\onboard-sdk-3.1_20161122\sample\pureqt\onboardsdk\x64\debug\dji_hotpoint.obj
g:\onboard-sdk-3.1_20161122\sample\pureqt\onboardsdk\x64\debug\dji_harddriver.obj
g:\onboard-sdk-3.1_20161122\sample\pureqt\onboardsdk\x64\debug\dji_follow.obj
g:\onboard-sdk-3.1_20161122\sample\pureqt\onboardsdk\x64\debug\dji_flight.obj
g:\onboard-sdk-3.1_20161122\sample\pureqt\onboardsdk\x64\debug\dji_codec.obj
g:\onboard-sdk-3.1_20161122\sample\pureqt\onboardsdk\x64\debug\dji_camera.obj
g:\onboard-sdk-3.1_20161122\sample\pureqt\onboardsdk\x64\debug\dji_app.obj
g:\onboard-sdk-3.1_20161122\sample\pureqt\onboardsdk\x64\debug\dji_api.obj
g:\onboard-sdk-3.1_20161122\sample\pureqt\onboardsdk\debug\moc_qonboardsdk.cpp
g:\onboard-sdk-3.1_20161122\sample\pureqt\onboardsdk\debug\moc_djionboardsdk.cpp
g:\onboard-sdk-3.1_20161122\sample\pureqt\onboardsdk\generatedfiles\ui_djionboardsdk.h
g:\onboard-sdk-3.1_20161122\sample\pureqt\onboardsdk\debug\onboardsdk.ilk
g:\onboard-sdk-3.1_20161122\sample\pureqt\onboardsdk\debug\onboardsdk.exe
g:\onboard-sdk-3.1_20161122\sample\pureqt\onboardsdk\debug\onboardsdk.pdb
g:\onboard-sdk-3.1_20161122\sample\pureqt\onboardsdk\x64\debug\onboardsdk.tlog\cl.command.1.tlog
g:\onboard-sdk-3.1_20161122\sample\pureqt\onboardsdk\x64\debug\onboardsdk.tlog\cl.read.1.tlog
g:\onboard-sdk-3.1_20161122\sample\pureqt\onboardsdk\x64\debug\onboardsdk.tlog\cl.write.1.tlog
g:\onboard-sdk-3.1_20161122\sample\pureqt\onboardsdk\x64\debug\onboardsdk.tlog\custombuild.command.1.tlog
g:\onboard-sdk-3.1_20161122\sample\pureqt\onboardsdk\x64\debug\onboardsdk.tlog\custombuild.read.1.tlog
g:\onboard-sdk-3.1_20161122\sample\pureqt\onboardsdk\x64\debug\onboardsdk.tlog\custombuild.write.1.tlog
g:\onboard-sdk-3.1_20161122\sample\pureqt\onboardsdk\x64\debug\onboardsdk.tlog\link.command.1.tlog
g:\onboard-sdk-3.1_20161122\sample\pureqt\onboardsdk\x64\debug\onboardsdk.tlog\link.read.1.tlog
g:\onboard-sdk-3.1_20161122\sample\pureqt\onboardsdk\x64\debug\onboardsdk.tlog\link.write.1.tlog
